[Tue Jan  5 03:26:31 2021] [::1]:6625 [200]: /
[Tue Jan  5 03:26:31 2021] [::1]:6626 [200]: /assets/plugins/bootstrap/css/bootstrap.min.css
[Tue Jan  5 03:26:31 2021] [::1]:6627 [200]: /assets/css-dark/style.css
[Tue Jan  5 03:26:31 2021] [::1]:6628 [200]: /assets/plugins/scroll-bar/jquery.mCustomScrollbar.css
[Tue Jan  5 03:26:31 2021] [::1]:6629 [200]: /assets/plugins/horizontal-menu/dropdown-effects/fade-down.css
[Tue Jan  5 03:26:31 2021] [::1]:6630 [200]: /assets/plugins/horizontal-menu/dark-horizontalmenu.css
[Tue Jan  5 03:26:31 2021] [::1]:6631 [200]: /assets/plugins/bootstrap-daterangepicker/daterangepicker.css
[Tue Jan  5 03:26:31 2021] [::1]:6632 [200]: /assets/plugins/accordion1/css/dark-easy-responsive-tabs.css
[Tue Jan  5 03:26:31 2021] [::1]:6633 [200]: /assets/plugins/sidebar/dark-sidebar.css
[Tue Jan  5 03:26:31 2021] [::1]:6634 [200]: /assets/plugins/iconfonts/plugin.css
[Tue Jan  5 03:26:31 2021] [::1]:6635 [200]: /assets/plugins/iconfonts/icons.css
[Tue Jan  5 03:26:31 2021] [::1]:6636 [200]: /assets/fonts/fonts/font-awesome.min.css
[Tue Jan  5 03:26:31 2021] [::1]:6637 [200]: /assets/js-dark/vendors/jquery-3.2.1.min.js
[Tue Jan  5 03:26:31 2021] [::1]:6638 [200]: /assets/plugins/bootstrap/popper.min.js
[Tue Jan  5 03:26:32 2021] [::1]:6639 [200]: /assets/plugins/bootstrap/js/bootstrap.min.js
[Tue Jan  5 03:26:32 2021] [::1]:6643 [200]: /assets/plugins/moment/moment.min.js
[Tue Jan  5 03:26:32 2021] [::1]:6640 [200]: /assets/js-dark/vendors/jquery.sparkline.min.js
[Tue Jan  5 03:26:32 2021] [::1]:6641 [200]: /assets/js-dark/vendors/circle-progress.min.js
[Tue Jan  5 03:26:32 2021] [::1]:6642 [200]: /assets/plugins/rating/jquery.rating-stars.js
[Tue Jan  5 03:26:32 2021] [::1]:6644 [200]: /assets/plugins/bootstrap-daterangepicker/daterangepicker.js
[Tue Jan  5 03:26:32 2021] [::1]:6645 [200]: /assets/plugins/horizontal-menu/horizontalmenu.js
[Tue Jan  5 03:26:32 2021] [::1]:6646 [200]: /assets/plugins/accordion1/js/easyResponsiveTabs.js
[Tue Jan  5 03:26:32 2021] [::1]:6647 [200]: /assets/plugins/scroll-bar/jquery.mCustomScrollbar.concat.min.js
[Tue Jan  5 03:26:32 2021] [::1]:6648 [200]: /assets/plugins/sidebar/sidebar.js
[Tue Jan  5 03:26:32 2021] [::1]:6649 [200]: /assets/plugins/counters/jquery.missofis-countdown.js
[Tue Jan  5 03:26:32 2021] [::1]:6650 [200]: /assets/plugins/counters/counter.js
[Tue Jan  5 03:26:32 2021] [::1]:6651 [200]: /assets/plugins/chart/chart.bundle-dark.js
[Tue Jan  5 03:26:32 2021] [::1]:6652 [200]: /assets/plugins/chart/utils.js
[Tue Jan  5 03:26:32 2021] [::1]:6653 [200]: /assets/plugins/peitychart/jquery.peity.min.js
[Tue Jan  5 03:26:32 2021] [::1]:6654 [200]: /assets/plugins/peitychart/peitychart.init.js
[Tue Jan  5 03:26:32 2021] [::1]:6655 [200]: /assets/js-dark/index3.js
[Tue Jan  5 03:26:32 2021] [::1]:6656 [200]: /assets/js-dark/custom.js
[Tue Jan  5 03:26:32 2021] [::1]:6657 [200]: /assets/images/icons/loader.svg
[Tue Jan  5 03:26:32 2021] [::1]:6658 [200]: /assets/images/brand/logo1.png
[Tue Jan  5 03:26:32 2021] [::1]:6659 [200]: /assets/images/brand/icon.png
[Tue Jan  5 03:26:32 2021] [::1]:6660 [200]: /assets/images/photos/20.jpg
[Tue Jan  5 03:26:32 2021] [::1]:6661 [200]: /assets/images/photos/25.jpg
[Tue Jan  5 03:26:32 2021] [::1]:6662 [200]: /assets/images/crypto-currencies/bitcoin.svg
[Tue Jan  5 03:26:32 2021] [::1]:6663 [200]: /assets/images/crypto-currencies/ethereum.svg
[Tue Jan  5 03:26:32 2021] [::1]:6664 [200]: /assets/fonts/feather/feather-webfont.woff?t=1501841394106
[Tue Jan  5 03:26:32 2021] [::1]:6665 [200]: /assets/images/crypto-currencies/tether-usdt-logo.png
[Tue Jan  5 03:26:32 2021] [::1]:6666 [200]: /assets/images/crypto-currencies/ripple.svg
[Tue Jan  5 03:26:32 2021] [::1]:6667 [200]: /assets/images/crypto-currencies/litecoin.svg
[Tue Jan  5 03:26:32 2021] [::1]:6668 [200]: /assets/fonts/fonts/fontawesome-webfont.woff2?v=4.7.0
[Tue Jan  5 03:26:32 2021] [::1]:6670 [200]: /assets/images/crypto-currencies/bitcoincash.svg
[Tue Jan  5 03:26:32 2021] [::1]:6669 [200]: /assets/plugins/iconfonts/font/typicons.woff
[Tue Jan  5 03:26:33 2021] [::1]:6671 [200]: /news.php?news=send
[Tue Jan  5 03:26:34 2021] [::1]:6672 [200]: /json.php?exploit=ex
[Tue Jan  5 03:26:35 2021] [::1]:6673 [200]: /learn.php?getfile=send
[Tue Jan  5 03:26:35 2021] [::1]:6674 [200]: /crypto.php?crypto=send
[Tue Jan  5 03:26:35 2021] [::1]:6678 [200]: /assets/images/crypto-currencies/cardano.svg
[Tue Jan  5 03:26:35 2021] [::1]:6681 [200]: /assets/images/crypto-currencies/stellar.svg
[Tue Jan  5 03:26:36 2021] [::1]:6682 [200]: /assets/images/crypto-currencies/monero.svg
[Tue Jan  5 03:26:36 2021] [::1]:6683 [200]: /assets/images/crypto-currencies/eos.svg
[Tue Jan  5 03:26:36 2021] [::1]:6686 [200]: /assets/images/crypto-currencies/nem.svg
[Tue Jan  5 03:26:36 2021] [::1]:6689 [200]: /assets/images/crypto-currencies/neo-coin-logo-clipart.png
[Tue Jan  5 03:26:36 2021] [::1]:6690 [200]: /assets/images/crypto-currencies/dash.svg
[Tue Jan  5 03:26:36 2021] [::1]:6691 [200]: /assets/images/brand/favicon.png
[Tue Jan  5 03:26:36 2021] [::1]:6692 [200]: /assets/images/brand/favicon.png
[Tue Jan  5 03:26:43 2021] [::1]:6693 [200]: /crypto.php?crypto=send
[Tue Jan  5 03:26:53 2021] [::1]:6696 [200]: /crypto.php?crypto=send
[Tue Jan  5 03:27:03 2021] [::1]:6700 [200]: /crypto.php?crypto=send
[Tue Jan  5 03:27:13 2021] [::1]:6703 [200]: /crypto.php?crypto=send
[Tue Jan  5 03:27:24 2021] [::1]:6711 [200]: /crypto.php?crypto=send
[Tue Jan  5 03:27:33 2021] [::1]:6735 [200]: /crypto.php?crypto=send
[Tue Jan  5 03:27:43 2021] [::1]:6740 [200]: /crypto.php?crypto=send
[Tue Jan  5 03:27:53 2021] [::1]:6743 [200]: /crypto.php?crypto=send
[Tue Jan  5 03:28:03 2021] [::1]:6748 [200]: /crypto.php?crypto=send
[Tue Jan  5 03:28:13 2021] [::1]:6751 [200]: /crypto.php?crypto=send
[Tue Jan  5 03:28:23 2021] [::1]:6754 [200]: /crypto.php?crypto=send
[Tue Jan  5 03:28:33 2021] [::1]:6757 [200]: /crypto.php?crypto=send
[Tue Jan  5 03:28:43 2021] [::1]:6760 [200]: /crypto.php?crypto=send
[Tue Jan  5 03:28:53 2021] [::1]:6763 [200]: /crypto.php?crypto=send
[Tue Jan  5 03:29:03 2021] [::1]:6766 [200]: /crypto.php?crypto=send
[Tue Jan  5 03:29:13 2021] [::1]:6769 [200]: /crypto.php?crypto=send
[Tue Jan  5 03:29:23 2021] [::1]:6772 [200]: /crypto.php?crypto=send
[Tue Jan  5 03:29:33 2021] [::1]:6775 [200]: /crypto.php?crypto=send
[Tue Jan  5 03:29:43 2021] [::1]:6778 [200]: /crypto.php?crypto=send
[Tue Jan  5 03:29:53 2021] [::1]:6781 [200]: /crypto.php?crypto=send
[Tue Jan  5 03:30:03 2021] [::1]:6784 [200]: /crypto.php?crypto=send
[Tue Jan  5 03:30:13 2021] [::1]:6787 [200]: /crypto.php?crypto=send
[Tue Jan  5 03:30:23 2021] [::1]:6790 [200]: /crypto.php?crypto=send
[Tue Jan  5 03:30:33 2021] [::1]:6793 [200]: /crypto.php?crypto=send
[Tue Jan  5 03:30:43 2021] [::1]:6796 [200]: /crypto.php?crypto=send
[Tue Jan  5 03:30:53 2021] [::1]:6799 [200]: /crypto.php?crypto=send
[Tue Jan  5 03:31:03 2021] [::1]:6802 [200]: /crypto.php?crypto=send
[Tue Jan  5 03:31:14 2021] [::1]:6807 [200]: /crypto.php?crypto=send
[Tue Jan  5 03:31:24 2021] [::1]:6811 [200]: /crypto.php?crypto=send
[Tue Jan  5 03:31:34 2021] [::1]:6815 [200]: /crypto.php?crypto=send
[Tue Jan  5 03:31:43 2021] [::1]:6818 [200]: /crypto.php?crypto=send
[Tue Jan  5 03:31:54 2021] [::1]:6824 [200]: /crypto.php?crypto=send
[Tue Jan  5 03:32:04 2021] [::1]:6827 [200]: /crypto.php?crypto=send
[Tue Jan  5 03:32:13 2021] [::1]:6830 [200]: /crypto.php?crypto=send
[Tue Jan  5 03:32:24 2021] [::1]:6833 [200]: /crypto.php?crypto=send
[Tue Jan  5 03:32:34 2021] [::1]:6836 [200]: /crypto.php?crypto=send
[Tue Jan  5 03:32:43 2021] [::1]:6839 [200]: /crypto.php?crypto=send
[Tue Jan  5 03:32:54 2021] [::1]:6842 [200]: /crypto.php?crypto=send
[Tue Jan  5 03:33:04 2021] [::1]:6845 [200]: /crypto.php?crypto=send
[Tue Jan  5 03:33:14 2021] [::1]:6849 [200]: /crypto.php?crypto=send
[Tue Jan  5 03:33:23 2021] [::1]:6852 [200]: /crypto.php?crypto=send
[Tue Jan  5 03:33:34 2021] [::1]:6855 [200]: /crypto.php?crypto=send
[Tue Jan  5 03:33:44 2021] [::1]:6858 [200]: /crypto.php?crypto=send
[Tue Jan  5 03:33:54 2021] [::1]:6861 [200]: /crypto.php?crypto=send
[Tue Jan  5 03:34:04 2021] [::1]:6864 [200]: /crypto.php?crypto=send
[Tue Jan  5 03:34:14 2021] [::1]:6867 [200]: /crypto.php?crypto=send
[Tue Jan  5 03:34:24 2021] [::1]:6870 [200]: /crypto.php?crypto=send
[Tue Jan  5 03:34:34 2021] [::1]:6873 [200]: /crypto.php?crypto=send
[Tue Jan  5 03:34:44 2021] [::1]:6876 [200]: /crypto.php?crypto=send
[Tue Jan  5 03:34:53 2021] [::1]:6879 [200]: /crypto.php?crypto=send
[Tue Jan  5 03:35:04 2021] [::1]:6882 [200]: /crypto.php?crypto=send
[Tue Jan  5 03:35:14 2021] [::1]:6885 [200]: /crypto.php?crypto=send
[Tue Jan  5 03:35:23 2021] [::1]:6888 [200]: /crypto.php?crypto=send
[Tue Jan  5 03:35:33 2021] [::1]:6891 [200]: /crypto.php?crypto=send
[Tue Jan  5 03:35:43 2021] [::1]:6894 [200]: /crypto.php?crypto=send
[Tue Jan  5 03:35:54 2021] [::1]:6897 [200]: /crypto.php?crypto=send
[Tue Jan  5 03:36:04 2021] [::1]:6900 [200]: /crypto.php?crypto=send
[Tue Jan  5 03:36:14 2021] [::1]:6907 [200]: /crypto.php?crypto=send
[Tue Jan  5 03:36:23 2021] [::1]:6910 [200]: /crypto.php?crypto=send
[Tue Jan  5 03:36:34 2021] [::1]:6913 [200]: /crypto.php?crypto=send
[Tue Jan  5 03:36:44 2021] [::1]:6916 [200]: /crypto.php?crypto=send
[Tue Jan  5 03:36:53 2021] [::1]:6919 [200]: /crypto.php?crypto=send
[Tue Jan  5 03:37:04 2021] [::1]:6926 [200]: /crypto.php?crypto=send
[Tue Jan  5 03:37:14 2021] [::1]:6929 [200]: /crypto.php?crypto=send
[Tue Jan  5 03:37:23 2021] [::1]:6939 [200]: /crypto.php?crypto=send
[Tue Jan  5 03:37:34 2021] [::1]:6942 [200]: /crypto.php?crypto=send
[Tue Jan  5 03:37:44 2021] [::1]:6945 [200]: /crypto.php?crypto=send
[Tue Jan  5 03:37:54 2021] [::1]:6948 [200]: /crypto.php?crypto=send
[Tue Jan  5 03:38:03 2021] [::1]:6953 [200]: /crypto.php?crypto=send
[Tue Jan  5 03:38:11 2021] [::1]:6959 [200]: /exploits.html
[Tue Jan  5 03:38:11 2021] [::1]:6958 [200]: /assets/plugins/bootstrap/css/bootstrap.min.css
[Tue Jan  5 03:38:11 2021] [::1]:6962 [200]: /assets/plugins/horizontal-menu/dropdown-effects/fade-down.css
[Tue Jan  5 03:38:11 2021] [::1]:6963 [200]: /assets/plugins/horizontal-menu/dark-horizontalmenu.css
[Tue Jan  5 03:38:11 2021] [::1]:6960 [200]: /assets/css-dark/style.css
[Tue Jan  5 03:38:11 2021] [::1]:6961 [200]: /assets/plugins/scroll-bar/jquery.mCustomScrollbar.css
[Tue Jan  5 03:38:11 2021] [::1]:6964 [200]: /assets/plugins/bootstrap-daterangepicker/daterangepicker.css
[Tue Jan  5 03:38:11 2021] [::1]:6965 [200]: /assets/plugins/accordion1/css/dark-easy-responsive-tabs.css
[Tue Jan  5 03:38:11 2021] [::1]:6967 [200]: /assets/plugins/iconfonts/plugin.css
[Tue Jan  5 03:38:11 2021] [::1]:6966 [200]: /assets/plugins/sidebar/dark-sidebar.css
[Tue Jan  5 03:38:11 2021] [::1]:6968 [200]: /assets/plugins/iconfonts/icons.css
[Tue Jan  5 03:38:11 2021] [::1]:6969 [200]: /assets/fonts/fonts/font-awesome.min.css
[Tue Jan  5 03:38:11 2021] [::1]:6970 [200]: /assets/js-dark/vendors/jquery-3.2.1.min.js
[Tue Jan  5 03:38:11 2021] [::1]:6971 [200]: /assets/plugins/bootstrap/popper.min.js
[Tue Jan  5 03:38:11 2021] [::1]:6972 [200]: /assets/plugins/bootstrap/js/bootstrap.min.js
[Tue Jan  5 03:38:11 2021] [::1]:6973 [200]: /assets/js-dark/vendors/jquery.sparkline.min.js
[Tue Jan  5 03:38:11 2021] [::1]:6974 [200]: /assets/js-dark/vendors/circle-progress.min.js
[Tue Jan  5 03:38:11 2021] [::1]:6975 [200]: /assets/plugins/rating/jquery.rating-stars.js
[Tue Jan  5 03:38:11 2021] [::1]:6976 [200]: /assets/plugins/moment/moment.min.js
[Tue Jan  5 03:38:11 2021] [::1]:6977 [200]: /assets/plugins/bootstrap-daterangepicker/daterangepicker.js
[Tue Jan  5 03:38:11 2021] [::1]:6978 [200]: /assets/plugins/horizontal-menu/horizontalmenu.js
[Tue Jan  5 03:38:11 2021] [::1]:6979 [200]: /assets/plugins/accordion1/js/easyResponsiveTabs.js
[Tue Jan  5 03:38:11 2021] [::1]:6982 [200]: /assets/plugins/counters/jquery.missofis-countdown.js
[Tue Jan  5 03:38:11 2021] [::1]:6980 [200]: /assets/plugins/scroll-bar/jquery.mCustomScrollbar.concat.min.js
[Tue Jan  5 03:38:11 2021] [::1]:6981 [200]: /assets/plugins/sidebar/sidebar.js
[Tue Jan  5 03:38:11 2021] [::1]:6983 [200]: /assets/plugins/counters/counter.js
[Tue Jan  5 03:38:11 2021] [::1]:6984 [200]: /assets/plugins/chart/chart.bundle-dark.js
[Tue Jan  5 03:38:11 2021] [::1]:6987 [200]: /assets/plugins/peitychart/peitychart.init.js
[Tue Jan  5 03:38:11 2021] [::1]:6988 [200]: /assets/js-dark/index3.js
[Tue Jan  5 03:38:11 2021] [::1]:6985 [200]: /assets/plugins/chart/utils.js
[Tue Jan  5 03:38:11 2021] [::1]:6986 [200]: /assets/plugins/peitychart/jquery.peity.min.js
[Tue Jan  5 03:38:11 2021] [::1]:6989 [200]: /assets/js-dark/custom.js
[Tue Jan  5 03:38:11 2021] [::1]:6990 [200]: /assets/images/icons/loader.svg
[Tue Jan  5 03:38:11 2021] [::1]:6991 [200]: /assets/images/brand/logo1.png
[Tue Jan  5 03:38:11 2021] [::1]:6992 [200]: /assets/images/brand/icon.png
[Tue Jan  5 03:38:11 2021] [::1]:6993 [200]: /assets/fonts/feather/feather-webfont.woff?t=1501841394106
[Tue Jan  5 03:38:11 2021] [::1]:6994 [200]: /assets/fonts/fonts/fontawesome-webfont.woff2?v=4.7.0
[Tue Jan  5 03:38:11 2021] [::1]:6995 [200]: /assets/plugins/iconfonts/font/typicons.woff
[Tue Jan  5 03:38:12 2021] [::1]:6996 [200]: /json.php?exploit=ex
[Tue Jan  5 03:38:18 2021] [::1]:7001 [200]: /play-voice.html
[Tue Jan  5 03:38:18 2021] [::1]:7002 [200]: /assets/plugins/bootstrap/css/bootstrap.min.css
[Tue Jan  5 03:38:18 2021] [::1]:7003 [200]: /assets/css-dark/style.css
[Tue Jan  5 03:38:19 2021] [::1]:7004 [200]: /assets/plugins/scroll-bar/jquery.mCustomScrollbar.css
[Tue Jan  5 03:38:19 2021] [::1]:7005 [200]: /assets/plugins/horizontal-menu/dropdown-effects/fade-down.css
[Tue Jan  5 03:38:19 2021] [::1]:7006 [200]: /assets/plugins/horizontal-menu/dark-horizontalmenu.css
[Tue Jan  5 03:38:19 2021] [::1]:7007 [200]: /assets/plugins/bootstrap-daterangepicker/daterangepicker.css
[Tue Jan  5 03:38:19 2021] [::1]:7008 [200]: /assets/plugins/accordion1/css/dark-easy-responsive-tabs.css
[Tue Jan  5 03:38:19 2021] [::1]:7009 [200]: /assets/plugins/sidebar/dark-sidebar.css
[Tue Jan  5 03:38:19 2021] [::1]:7010 [200]: /assets/plugins/iconfonts/plugin.css
[Tue Jan  5 03:38:19 2021] [::1]:7011 [200]: /assets/plugins/iconfonts/icons.css
[Tue Jan  5 03:38:19 2021] [::1]:7012 [200]: /assets/fonts/fonts/font-awesome.min.css
[Tue Jan  5 03:38:19 2021] [::1]:7013 [200]: /assets/plugins/notify/css/jquery.growl.css
[Tue Jan  5 03:38:19 2021] [::1]:7016 [200]: /assets/plugins/bootstrap/popper.min.js
[Tue Jan  5 03:38:19 2021] [::1]:7017 [200]: /assets/plugins/bootstrap/js/bootstrap.min.js
[Tue Jan  5 03:38:19 2021] [::1]:7015 [200]: /assets/js-dark/vendors/jquery-3.2.1.min.js
[Tue Jan  5 03:38:19 2021] [::1]:7014 [200]: /assets/plugins/notify/css/notifIt.css
[Tue Jan  5 03:38:19 2021] [::1]:7018 [200]: /assets/js-dark/vendors/jquery.sparkline.min.js
[Tue Jan  5 03:38:19 2021] [::1]:7019 [200]: /assets/js-dark/vendors/circle-progress.min.js
[Tue Jan  5 03:38:19 2021] [::1]:7020 [200]: /assets/plugins/rating/jquery.rating-stars.js
[Tue Jan  5 03:38:19 2021] [::1]:7021 [200]: /assets/plugins/moment/moment.min.js
[Tue Jan  5 03:38:19 2021] [::1]:7022 [200]: /assets/plugins/bootstrap-daterangepicker/daterangepicker.js
[Tue Jan  5 03:38:19 2021] [::1]:7023 [200]: /assets/plugins/horizontal-menu/horizontalmenu.js
[Tue Jan  5 03:38:19 2021] [::1]:7024 [200]: /assets/plugins/accordion1/js/easyResponsiveTabs.js
[Tue Jan  5 03:38:19 2021] [::1]:7025 [200]: /assets/plugins/scroll-bar/jquery.mCustomScrollbar.concat.min.js
[Tue Jan  5 03:38:19 2021] [::1]:7026 [200]: /assets/plugins/sidebar/sidebar.js
[Tue Jan  5 03:38:19 2021] [::1]:7027 [200]: /assets/plugins/counters/jquery.missofis-countdown.js
[Tue Jan  5 03:38:19 2021] [::1]:7028 [200]: /assets/plugins/counters/counter.js
[Tue Jan  5 03:38:19 2021] [::1]:7029 [200]: /assets/plugins/chart/chart.bundle-dark.js
[Tue Jan  5 03:38:19 2021] [::1]:7030 [200]: /assets/plugins/chart/utils.js
[Tue Jan  5 03:38:19 2021] [::1]:7031 [200]: /assets/plugins/peitychart/jquery.peity.min.js
[Tue Jan  5 03:38:19 2021] [::1]:7032 [200]: /assets/plugins/peitychart/peitychart.init.js
[Tue Jan  5 03:38:19 2021] [::1]:7033 [200]: /assets/plugins/notify/js/sample.js
[Tue Jan  5 03:38:19 2021] [::1]:7034 [200]: /assets/plugins/notify/js/notifIt.js
[Tue Jan  5 03:38:19 2021] [::1]:7036 [200]: /assets/js-dark/custom.js
[Tue Jan  5 03:38:19 2021] [::1]:7035 [200]: /assets/js-dark/index3.js
[Tue Jan  5 03:38:19 2021] [::1]:7037 [200]: /assets/images/brand/icon.png
[Tue Jan  5 03:38:19 2021] [::1]:7038 [200]: /assets/images/brand/logo1.png
[Tue Jan  5 03:38:19 2021] [::1]:7039 [200]: /assets/images/icons/loader.svg
[Tue Jan  5 03:38:19 2021] [::1]:7040 [200]: /play/clear.php
ngrok: no process found
sh: 1: kill: No such process

[Tue Jan  5 03:38:30 2021] [::1]:7041 [200]: /starter.php?start=play
[Tue Jan  5 03:38:30 2021] [::1]:7042 [200]: /assets/fonts/feather/feather-webfont.woff?t=1501841394106
[Tue Jan  5 03:38:30 2021] [::1]:7043 [200]: /assets/fonts/fonts/fontawesome-webfont.woff2?v=4.7.0
[Tue Jan  5 03:38:30 2021] [::1]:7044 [200]: /assets/plugins/iconfonts/font/typicons.woff
[Tue Jan  5 03:38:30 2021] [::1]:7053 [200]: /play/sender.php
[Tue Jan  5 03:38:40 2021] [::1]:7074 [200]: /play/sender.php
[Tue Jan  5 03:38:49 2021] [::1]:7077 [200]: /play/sender.php
[Tue Jan  5 03:38:59 2021] [::1]:7082 [200]: /play/sender.php
[Tue Jan  5 03:39:10 2021] [::1]:7087 [200]: /play/sender.php
[Tue Jan  5 03:39:20 2021] [::1]:7089 [200]: /play/sender.php
[Tue Jan  5 03:39:30 2021] [::1]:7093 [200]: /play/sender.php
[Tue Jan  5 03:39:40 2021] [::1]:7098 [200]: /play/sender.php
[Tue Jan  5 03:39:50 2021] [::1]:7100 [200]: /play/sender.php
[Tue Jan  5 03:40:00 2021] [::1]:7103 [200]: /play/sender.php
[Tue Jan  5 03:40:10 2021] [::1]:7104 [200]: /play/sender.php
[Tue Jan  5 03:40:20 2021] [::1]:7106 [200]: /play/sender.php
[Tue Jan  5 03:40:30 2021] [::1]:7107 [200]: /play/sender.php
[Tue Jan  5 03:40:40 2021] [::1]:7109 [200]: /play/sender.php
[Tue Jan  5 03:40:50 2021] [::1]:7110 [200]: /play/sender.php
[Tue Jan  5 03:41:00 2021] [::1]:7112 [200]: /play/sender.php
[Tue Jan  5 03:41:10 2021] [::1]:7114 [200]: /play/sender.php
[Tue Jan  5 03:41:20 2021] [::1]:7115 [200]: /play/sender.php
[Tue Jan  5 03:41:30 2021] [::1]:7117 [200]: /play/sender.php
[Tue Jan  5 03:41:40 2021] [::1]:7118 [200]: /play/sender.php
[Tue Jan  5 03:41:50 2021] [::1]:7119 [200]: /play/sender.php
[Tue Jan  5 03:42:00 2021] [::1]:7126 [200]: /play/sender.php
[Tue Jan  5 03:42:10 2021] [::1]:7127 [200]: /play/sender.php
[Tue Jan  5 03:42:20 2021] [::1]:7130 [200]: /play/sender.php
[Tue Jan  5 03:42:30 2021] [::1]:7131 [200]: /play/sender.php
[Tue Jan  5 03:42:40 2021] [::1]:7136 [200]: /play/sender.php
[Tue Jan  5 03:42:50 2021] [::1]:7139 [200]: /play/sender.php
[Tue Jan  5 03:43:00 2021] [::1]:7142 [200]: /play/sender.php
[Tue Jan  5 03:43:10 2021] [::1]:7144 [200]: /play/sender.php
[Tue Jan  5 03:43:20 2021] [::1]:7148 [200]: /play/sender.php
[Tue Jan  5 03:43:30 2021] [::1]:7151 [200]: /play/sender.php
[Tue Jan  5 03:43:40 2021] [::1]:7154 [200]: /play/sender.php
[Tue Jan  5 03:43:50 2021] [::1]:7155 [200]: /play/sender.php
[Tue Jan  5 03:44:00 2021] [::1]:7156 [200]: /play/sender.php
[Tue Jan  5 03:44:10 2021] [::1]:7157 [200]: /play/sender.php
[Tue Jan  5 03:44:20 2021] [::1]:7162 [200]: /play/sender.php
[Tue Jan  5 03:44:30 2021] [::1]:7163 [200]: /play/sender.php
[Tue Jan  5 03:44:40 2021] [::1]:7164 [200]: /play/sender.php
[Tue Jan  5 03:44:50 2021] [::1]:7165 [200]: /play/sender.php
[Tue Jan  5 03:45:00 2021] [::1]:7166 [200]: /play/sender.php
[Tue Jan  5 03:45:10 2021] [::1]:7167 [200]: /play/sender.php
[Tue Jan  5 03:45:20 2021] [::1]:7168 [200]: /play/sender.php
[Tue Jan  5 03:45:30 2021] [::1]:7174 [200]: /play/sender.php
[Tue Jan  5 03:45:40 2021] [::1]:7205 [200]: /play/sender.php
[Tue Jan  5 03:45:50 2021] [::1]:7209 [200]: /play/sender.php
[Tue Jan  5 03:46:00 2021] [::1]:7212 [200]: /play/sender.php
[Tue Jan  5 03:46:10 2021] [::1]:7223 [200]: /play/sender.php
[Tue Jan  5 03:46:20 2021] [::1]:7224 [200]: /play/sender.php
[Tue Jan  5 03:46:39 2021] [::1]:7706 [200]: /play/sender.php
[Tue Jan  5 03:46:40 2021] [::1]:7719 [200]: /play/sender.php
[Tue Jan  5 03:46:50 2021] [::1]:7828 [200]: /play/sender.php
[Tue Jan  5 03:47:00 2021] [::1]:7918 [200]: /play/sender.php
[Tue Jan  5 03:47:10 2021] [::1]:8004 [200]: /play/sender.php
[Tue Jan  5 03:47:20 2021] [::1]:8098 [200]: /play/sender.php
[Tue Jan  5 03:47:30 2021] [::1]:8205 [200]: /play/sender.php
[Tue Jan  5 03:47:40 2021] [::1]:8313 [200]: /play/sender.php
[Tue Jan  5 03:47:50 2021] [::1]:8419 [200]: /play/sender.php
[Tue Jan  5 03:48:00 2021] [::1]:8550 [200]: /play/sender.php
[Tue Jan  5 03:48:10 2021] [::1]:8585 [200]: /play/sender.php
[Tue Jan  5 03:48:20 2021] [::1]:8594 [200]: /play/sender.php
[Tue Jan  5 03:48:30 2021] [::1]:8600 [200]: /play/sender.php
[Tue Jan  5 03:48:40 2021] [::1]:8602 [200]: /play/sender.php
[Tue Jan  5 03:48:50 2021] [::1]:8607 [200]: /play/sender.php
[Tue Jan  5 03:49:00 2021] [::1]:8619 [200]: /play/sender.php
[Tue Jan  5 03:49:10 2021] [::1]:8622 [200]: /play/sender.php
[Tue Jan  5 03:49:20 2021] [::1]:8624 [200]: /play/sender.php
[Tue Jan  5 03:49:30 2021] [::1]:8626 [200]: /play/sender.php
[Tue Jan  5 03:49:40 2021] [::1]:8630 [200]: /play/sender.php
[Tue Jan  5 03:49:50 2021] [::1]:8635 [200]: /play/sender.php
